\BOOKMARK [1][-]{section.1}{\376\377\004\022\004\062\004\065\004\064\004\065\004\075\004\070\004\065}{}% 1
\BOOKMARK [1][-]{section.2}{\376\377\004\020\004\072\004\102\004\076\004\100\004\113\000\040\004\074\004\076\004\064\004\065\004\073\004\070}{}% 2
\BOOKMARK [2][-]{subsection.2.1}{\376\377\004\030\004\067\004\103\004\107\004\065\004\075\004\075\004\113\004\065\000\040\004\101\004\070\004\074\004\061\004\070\004\076\004\067\004\113}{section.2}% 3
\BOOKMARK [2][-]{subsection.2.2}{\376\377\004\055\004\075\004\064\004\076\004\104\004\070\004\102\004\113}{section.2}% 4
\BOOKMARK [3][-]{subsubsection.2.2.1}{\376\377\000A\000c\000h\000r\000o\000m\000o\000b\000a\000c\000t\000e\000r}{subsection.2.2}% 5
\BOOKMARK [3][-]{subsubsection.2.2.2}{\376\377\000P\000s\000e\000u\000d\000o\000m\000o\000n\000a\000s}{subsection.2.2}% 6
\BOOKMARK [3][-]{subsubsection.2.2.3}{\376\377\000A\000l\000c\000a\000l\000i\000g\000e\000n\000e\000s}{subsection.2.2}% 7
\BOOKMARK [3][-]{subsubsection.2.2.4}{\376\377\000E\000n\000t\000e\000r\000o\000b\000a\000c\000t\000e\000r}{subsection.2.2}% 8
\BOOKMARK [3][-]{subsubsection.2.2.5}{\376\377\000A\000c\000i\000n\000e\000t\000o\000b\000a\000c\000t\000e\000r}{subsection.2.2}% 9
\BOOKMARK [3][-]{subsubsection.2.2.6}{\376\377\000B\000a\000c\000i\000l\000l\000u\000s}{subsection.2.2}% 10
\BOOKMARK [3][-]{subsubsection.2.2.7}{\376\377\000R\000a\000h\000n\000e\000l\000l\000a\000\040\000a\000q\000u\000a\000t\000i\000l\000i\000s}{subsection.2.2}% 11
\BOOKMARK [3][-]{subsubsection.2.2.8}{\376\377\000\040\000P\000s\000e\000u\000d\000o\000m\000o\000n\000a\000s\000\040\000p\000u\000t\000i\000i\000d\000a}{subsection.2.2}% 12
\BOOKMARK [3][-]{subsubsection.2.2.9}{\376\377\000S\000t\000e\000n\000o\000t\000r\000o\000p\000h\000o\000m\000o\000n\000a\000s}{subsection.2.2}% 13
\BOOKMARK [3][-]{subsubsection.2.2.10}{\376\377\000A\000g\000r\000o\000b\000a\000c\000t\000e\000r\000i\000u\000m}{subsection.2.2}% 14
\BOOKMARK [3][-]{subsubsection.2.2.11}{\376\377\000B\000r\000a\000d\000y\000r\000h\000i\000z\000o\000b\000i\000u\000m}{subsection.2.2}% 15
\BOOKMARK [3][-]{subsubsection.2.2.12}{\376\377\000B\000o\000r\000d\000e\000t\000e\000l\000l\000a}{subsection.2.2}% 16
\BOOKMARK [3][-]{subsubsection.2.2.13}{\376\377\000C\000o\000m\000a\000m\000o\000n\000a\000s}{subsection.2.2}% 17
\BOOKMARK [3][-]{subsubsection.2.2.14}{\376\377\000C\000u\000r\000t\000o\000b\000a\000c\000t\000e\000r\000i\000u\000m}{subsection.2.2}% 18
\BOOKMARK [3][-]{subsubsection.2.2.15}{\376\377\000M\000e\000t\000h\000y\000l\000o\000b\000a\000c\000t\000e\000r\000i\000u\000m}{subsection.2.2}% 19
\BOOKMARK [3][-]{subsubsection.2.2.16}{\376\377\000P\000a\000n\000t\000o\000e\000a}{subsection.2.2}% 20
\BOOKMARK [3][-]{subsubsection.2.2.17}{\376\377\000P\000a\000s\000t\000e\000u\000r\000e\000l\000l\000a}{subsection.2.2}% 21
\BOOKMARK [3][-]{subsubsection.2.2.18}{\376\377\000R\000h\000i\000z\000o\000b\000i\000u\000m}{subsection.2.2}% 22
\BOOKMARK [3][-]{subsubsection.2.2.19}{\376\377\000X\000a\000n\000t\000h\000o\000m\000o\000n\000a\000s}{subsection.2.2}% 23
\BOOKMARK [3][-]{subsubsection.2.2.20}{\376\377\000S\000i\000n\000o\000r\000h\000i\000z\000o\000b\000i\000u\000m}{subsection.2.2}% 24
\BOOKMARK [3][-]{subsubsection.2.2.21}{\376\377\000M\000e\000s\000o\000r\000h\000i\000z\000o\000b\000i\000u\000m}{subsection.2.2}% 25
\BOOKMARK [3][-]{subsubsection.2.2.22}{\376\377\000S\000e\000r\000r\000a\000t\000i\000a}{subsection.2.2}% 26
\BOOKMARK [3][-]{subsubsection.2.2.23}{\376\377\000E\000n\000t\000e\000r\000o\000c\000o\000c\000c\000u\000s}{subsection.2.2}% 27
\BOOKMARK [3][-]{subsubsection.2.2.24}{\376\377\000N\000o\000c\000a\000r\000d\000i\000o\000i\000d\000e\000s}{subsection.2.2}% 28
\BOOKMARK [3][-]{subsubsection.2.2.25}{\376\377\000R\000o\000s\000e\000o\000m\000o\000n\000a\000s}{subsection.2.2}% 29
\BOOKMARK [3][-]{subsubsection.2.2.26}{\376\377\000L\000e\000p\000t\000o\000t\000h\000r\000i\000x}{subsection.2.2}% 30
\BOOKMARK [3][-]{subsubsection.2.2.27}{\376\377\000C\000o\000h\000n\000e\000l\000l\000a}{subsection.2.2}% 31
\BOOKMARK [3][-]{subsubsection.2.2.28}{\376\377\000P\000h\000y\000l\000l\000o\000b\000a\000c\000t\000e\000r\000i\000u\000m}{subsection.2.2}% 32
\BOOKMARK [3][-]{subsubsection.2.2.29}{\376\377\000M\000i\000c\000r\000o\000b\000a\000c\000t\000e\000r\000i\000u\000m}{subsection.2.2}% 33
\BOOKMARK [3][-]{subsubsection.2.2.30}{\376\377\000J\000a\000n\000i\000b\000a\000c\000t\000e\000r}{subsection.2.2}% 34
\BOOKMARK [3][-]{subsubsection.2.2.31}{\376\377\000K\000n\000o\000e\000l\000l\000i\000a}{subsection.2.2}% 35
\BOOKMARK [3][-]{subsubsection.2.2.32}{\376\377\000M\000a\000c\000r\000o\000c\000o\000c\000c\000u\000s}{subsection.2.2}% 36
\BOOKMARK [3][-]{subsubsection.2.2.33}{\376\377\000B\000r\000a\000c\000h\000y\000b\000a\000c\000t\000e\000r\000i\000u\000m}{subsection.2.2}% 37
\BOOKMARK [3][-]{subsubsection.2.2.34}{\376\377\000S\000t\000r\000e\000p\000t\000o\000m\000y\000c\000e\000s}{subsection.2.2}% 38
\BOOKMARK [3][-]{subsubsection.2.2.35}{\376\377\000A\000c\000i\000n\000e\000t\000o\000b\000a\000c\000t\000e\000r}{subsection.2.2}% 39
\BOOKMARK [3][-]{subsubsection.2.2.36}{\376\377\000P\000a\000r\000a\000c\000o\000c\000c\000u\000s}{subsection.2.2}% 40
\BOOKMARK [3][-]{subsubsection.2.2.37}{\376\377\000S\000p\000h\000i\000n\000g\000o\000m\000o\000n\000a\000s}{subsection.2.2}% 41
\BOOKMARK [3][-]{subsubsection.2.2.38}{\376\377\000M\000i\000c\000r\000o\000m\000o\000n\000o\000s\000p\000o\000r\000a}{subsection.2.2}% 42
\BOOKMARK [3][-]{subsubsection.2.2.39}{\376\377\000O\000c\000h\000r\000o\000b\000a\000c\000t\000r\000u\000m}{subsection.2.2}% 43
\BOOKMARK [1][-]{section.3}{\376\377\004\021\004\070\004\076\004\105\004\070\004\074\004\070\004\117\000\040\004\077\004\100\004\076\004\106\004\065\004\101\004\101\004\060}{}% 44
\BOOKMARK [2][-]{subsection.3.1}{\376\377\004\040\004\060\004\064\004\070\004\060\004\106\004\070\004\076\004\075\004\075\004\076\000-\004\070\004\075\004\064\004\103\004\106\004\070\004\100\004\076\004\062\004\060\004\075\004\075\004\060\004\117\000\040\004\077\004\065\004\100\004\065\004\064\004\060\004\107\004\060\000\040\004\101\004\070\004\063\004\075\004\060\004\073\004\076\004\062\000\040}{section.3}% 45
\BOOKMARK [2][-]{subsection.3.2}{\376\377\004\032\004\100\004\060\004\102\004\072\004\070\004\071\000\040\004\077\004\065\004\100\004\065\004\107\004\065\004\075\004\114\000\040\004\103\004\107\004\060\004\101\004\102\004\062\004\103\004\116\004\111\004\070\004\105\000\040\004\062\000\040\004\077\004\100\004\076\004\106\004\065\004\101\004\101\004\060\004\105\000\040\004\076\004\100\004\063\004\060\004\075\004\070\004\107\004\065\004\101\004\072\004\070\004\105\000\040\004\101\004\076\004\065\004\064\004\070\004\075\004\065\004\075\004\070\004\071\000,\000\040\004\101\004\062\004\117\004\067\004\060\004\075\004\075\004\113\004\105\000\040\004\101\000\040\004\115\004\075\004\064\004\076\004\104\004\070\004\102\004\060\004\074\004\070}{section.3}% 46
\BOOKMARK [3][-]{subsubsection.3.2.1}{\376\377\004\030\004\075\004\064\004\076\004\073\004\070\004\073\004\103\004\072\004\101\004\103\004\101\004\075\004\060\004\117\000\040\004\072\004\070\004\101\004\073\004\076\004\102\004\060}{subsection.3.2}% 47
\BOOKMARK [3][-]{subsubsection.3.2.2}{\376\377\004\023\004\070\004\061\004\061\004\065\004\100\004\065\004\073\004\073\004\070\004\075\004\113}{subsection.3.2}% 48
\BOOKMARK [3][-]{subsubsection.3.2.3}{\376\377\004\046\004\070\004\100\004\072\004\103\004\073\004\070\004\075}{subsection.3.2}% 49
\BOOKMARK [3][-]{subsubsection.3.2.4}{\376\377\004\032\004\076\004\073\004\070\004\101\004\102\004\070\004\075}{subsection.3.2}% 50
\BOOKMARK [3][-]{subsubsection.3.2.5}{\376\377\004\037\004\076\004\073\004\070\004\074\004\070\004\072\004\101\004\070\004\075}{subsection.3.2}% 51
\BOOKMARK [3][-]{subsubsection.3.2.6}{\376\377\004\021\004\060\004\072\004\102\004\065\004\100\004\070\004\076\004\106\004\070\004\075\004\113}{subsection.3.2}% 52
\BOOKMARK [3][-]{subsubsection.3.2.7}{\376\377\004\055\004\072\004\076\004\074\004\070\004\106\004\070\004\075}{subsection.3.2}% 53
\BOOKMARK [3][-]{subsubsection.3.2.8}{\376\377\004\044\004\065\004\075\004\076\004\073}{subsection.3.2}% 54
\BOOKMARK [3][-]{subsubsection.3.2.9}{\376\377\004\021\004\065\004\075\004\067\004\076\004\073}{subsection.3.2}% 55
\BOOKMARK [3][-]{subsubsection.3.2.10}{\376\377\000C\004\070\004\064\004\065\004\100\004\076\004\104\004\076\004\100\004\113}{subsection.3.2}% 56
\BOOKMARK [2][-]{subsection.3.3}{\376\377\004\032\004\100\004\060\004\102\004\072\004\070\004\071\000\040\004\077\004\065\004\100\004\065\004\107\004\065\004\075\004\114\000\040\004\103\004\107\004\060\004\101\004\102\004\062\004\103\004\116\004\111\004\070\004\105\000\040\004\062\000\040\004\077\004\100\004\076\004\106\004\065\004\101\004\101\004\060\004\105\000\040\004\076\004\100\004\063\004\060\004\075\004\070\004\107\004\065\004\101\004\072\004\070\004\105\000\040\004\101\004\076\004\065\004\064\004\070\004\075\004\065\004\075\004\070\004\071\000,\000\040\004\101\004\062\004\117\004\067\004\060\004\075\004\075\004\113\004\105\000\040\004\101\000\040\004\100\004\060\004\064\004\070\004\060\004\106\004\070\004\076\004\075\004\075\004\076\000-\004\070\004\075\004\064\004\103\004\106\004\070\004\100\004\076\004\062\004\060\004\075\004\075\004\076\004\071\000\040\004\077\004\065\004\100\004\065\004\064\004\060\004\107\004\065\004\071\000\040\004\101\004\070\004\063\004\075\004\060\004\073\004\076\004\062}{section.3}% 57
\BOOKMARK [3][-]{subsubsection.3.3.1}{\376\377\000N\000F\000-\000k\000B}{subsection.3.3}% 58
\BOOKMARK [3][-]{subsubsection.3.3.2}{\376\377\000R\000O\000S}{subsection.3.3}% 59
\BOOKMARK [3][-]{subsubsection.3.3.3}{\376\377\000R\000N\000S}{subsection.3.3}% 60
\BOOKMARK [3][-]{subsubsection.3.3.4}{\376\377\000C\000O\000X\0002}{subsection.3.3}% 61
\BOOKMARK [3][-]{subsubsection.3.3.5}{\376\377\000N\000O\000S\0002}{subsection.3.3}% 62
\BOOKMARK [3][-]{subsubsection.3.3.6}{\376\377\000T\000N\000F\000R\000S\000F\0001\0000\000B}{subsection.3.3}% 63
\BOOKMARK [3][-]{subsubsection.3.3.7}{\376\377\000I\000L}{subsection.3.3}% 64
\BOOKMARK [3][-]{subsubsection.3.3.8}{\376\377\000J\000N\000K}{subsection.3.3}% 65
\BOOKMARK [3][-]{subsubsection.3.3.9}{\376\377\000N\000O}{subsection.3.3}% 66
\BOOKMARK [3][-]{subsubsection.3.3.10}{\376\377\000T\000G\000F}{subsection.3.3}% 67
\BOOKMARK [3][-]{subsubsection.3.3.11}{\376\377\000T\000G\000F\000R}{subsection.3.3}% 68
\BOOKMARK [3][-]{subsubsection.3.3.12}{\376\377\000T\000N\000F}{subsection.3.3}% 69
\BOOKMARK [3][-]{subsubsection.3.3.13}{\376\377\000T\000R\000A\000I\000L\000,\000\040\000T\000N\000F}{subsection.3.3}% 70
\BOOKMARK [1][-]{section.4}{\376\377\004\021\004\070\004\076\004\104\004\070\004\067\004\070\004\072\004\060\000\040\004\077\004\100\004\076\004\106\004\065\004\101\004\101\004\060}{}% 71
\BOOKMARK [2][-]{subsection.4.1}{\376\377\004\057\004\064\004\065\004\100\004\075\004\113\004\065\000\040\004\100\004\065\004\060\004\072\004\106\004\070\004\070}{section.4}% 72
\BOOKMARK [3][-]{subsubsection.4.1.1}{\376\377\004\040\004\060\004\064\004\070\004\060\004\106\004\070\004\076\004\075\004\075\004\113\004\071\000\040\004\067\004\060\004\105\004\062\004\060\004\102\000\040\004\075\004\065\004\071\004\102\004\100\004\076\004\075\004\076\004\062}{subsection.4.1}% 73
\BOOKMARK [3][-]{subsubsection.4.1.2}{\376\377\004\040\004\065\004\060\004\072\004\106\004\070\004\070\000\040\004\101\000\040\004\076\004\061\004\100\004\060\004\067\004\076\004\062\004\060\004\075\004\070\004\065\004\074\000\040\004\077\004\100\004\076\004\102\004\076\004\075\004\076\004\062}{subsection.4.1}% 74
\BOOKMARK [3][-]{subsubsection.4.1.3}{\376\377\004\040\004\065\004\060\004\072\004\106\004\070\004\070\000\040\004\101\000\040\004\076\004\061\004\100\004\060\004\067\004\076\004\062\004\060\004\075\004\070\004\065\004\074\000\040\000-\004\107\004\060\004\101\004\102\004\070\004\106}{subsection.4.1}% 75
\BOOKMARK [3][-]{subsubsection.4.1.4}{\376\377\004\035\004\065\004\103\004\077\004\100\004\103\004\063\004\076\004\065\000\040\004\100\004\060\004\101\004\101\004\065\004\117\004\075\004\070\004\065}{subsection.4.1}% 76
\BOOKMARK [2][-]{subsection.4.2}{\376\377\004\021\004\070\004\076\004\104\004\070\004\067\004\070\004\107\004\065\004\101\004\072\004\060\004\117\000\040\004\074\004\076\004\064\004\065\004\073\004\114}{section.4}% 77
\BOOKMARK [1][-]{section.5}{\376\377\004\030\004\075\004\104\004\076\004\100\004\074\004\060\004\106\004\070\004\076\004\075\004\075\004\060\004\117\000\040\004\074\004\076\004\064\004\065\004\073\004\114}{}% 78
\BOOKMARK [1][-]{section.6}{\376\377\004\027\004\060\004\072\004\073\004\116\004\107\004\065\004\075\004\070\004\065}{}% 79
